{"meta": {"format": 3, "version": "7.14.1", "timestamp": "2026-07-09T19:19:32.931254", "branch_coverage": true, "show_contexts": false}, "files": {"src\\pytest_cov\\__init__.py": {"executed_lines": [], "summary": {"covered_lines": 0, "num_statements": 8, "percent_covered": 0.0, "percent_covered_display": "0", "missing_lines": 8, "excluded_lines": 0, "percent_statements_covered": 0.0, "percent_statements_covered_display": "0", "num_branches": 0, "num_partial_branches": 0, "covered_branches": 0, "missing_branches": 0, "percent_branches_covered": 100.0, "percent_branches_covered_display": "100"}, "missing_lines": [3, 5, 8, 12, 18, 24, 30, 36], "excluded_lines": [], "executed_branches": [], "missing_branches": [], "functions": {"": {"executed_lines": [], "summary": {"covered_lines": 0, "num_statements": 8, "percent_covered": 0.0, "percent_covered_display": "0", "missing_lines": 8, "excluded_lines": 0, "percent_statements_covered": 0.0, "percent_statements_covered_display": "0", "num_branches": 0, "num_partial_branches": 0, "covered_branches": 0, "missing_branches": 0, "percent_branches_covered": 100.0, "percent_branches_covered_display": "100"}, "missing_lines": [3, 5, 8, 12, 18, 24, 30, 36], "excluded_lines": [], "start_line": 1, "executed_branches": [], "missing_branches": []}}, "classes": {"CoverageError": {"executed_lines": [], "summary": {"covered_lines": 0, "num_statements": 0, "percent_covered": 100.0, "percent_covered_display": "100", "missing_lines": 0, "excluded_lines": 0, "percent_statements_covered": 100.0, "percent_statements_covered_display": "100", "num_branches": 0, "num_partial_branches": 0, "covered_branches": 0, "missing_branches": 0, "percent_branches_covered": 100.0, "percent_branches_covered_display": "100"}, "missing_lines": [], "excluded_lines": [], "start_line": 8, "executed_branches": [], "missing_branches": []}, "PytestCovWarning": {"executed_lines": [], "summary": {"covered_lines": 0, "num_statements": 0, "percent_covered": 100.0, "percent_covered_display": "100", "missing_lines": 0, "excluded_lines": 0, "percent_statements_covered": 100.0, "percent_statements_covered_display": "100", "num_branches": 0, "num_partial_branches": 0, "covered_branches": 0, "missing_branches": 0, "percent_branches_covered": 100.0, "percent_branches_covered_display": "100"}, "missing_lines": [], "excluded_lines": [], "start_line": 12, "executed_branches": [], "missing_branches": []}, "CovDisabledWarning": {"executed_lines": [], "summary": {"covered_lines": 0, "num_statements": 0, "percent_covered": 100.0, "percent_covered_display": "100", "missing_lines": 0, "excluded_lines": 0, "percent_statements_covered": 100.0, "percent_statements_covered_display": "100", "num_branches": 0, "num_partial_branches": 0, "covered_branches": 0, "missing_branches": 0, "percent_branches_covered": 100.0, "percent_branches_covered_display": "100"}, "missing_lines": [], "excluded_lines": [], "start_line": 18, "executed_branches": [], "missing_branches": []}, "CovReportWarning": {"executed_lines": [], "summary": {"covered_lines": 0, "num_statements": 0, "percent_covered": 100.0, "percent_covered_display": "100", "missing_lines": 0, "excluded_lines": 0, "percent_statements_covered": 100.0, "percent_statements_covered_display": "100", "num_branches": 0, "num_partial_branches": 0, "covered_branches": 0, "missing_branches": 0, "percent_branches_covered": 100.0, "percent_branches_covered_display": "100"}, "missing_lines": [], "excluded_lines": [], "start_line": 24, "executed_branches": [], "missing_branches": []}, "CentralCovContextWarning": {"executed_lines": [], "summary": {"covered_lines": 0, "num_statements": 0, "percent_covered": 100.0, "percent_covered_display": "100", "missing_lines": 0, "excluded_lines": 0, "percent_statements_covered": 100.0, "percent_statements_covered_display": "100", "num_branches": 0, "num_partial_branches": 0, "covered_branches": 0, "missing_branches": 0, "percent_branches_covered": 100.0, "percent_branches_covered_display": "100"}, "missing_lines": [], "excluded_lines": [], "start_line": 30, "executed_branches": [], "missing_branches": []}, "DistCovError": {"executed_lines": [], "summary": {"covered_lines": 0, "num_statements": 0, "percent_covered": 100.0, "percent_covered_display": "100", "missing_lines": 0, "excluded_lines": 0, "percent_statements_covered": 100.0, "percent_statements_covered_display": "100", "num_branches": 0, "num_partial_branches": 0, "covered_branches": 0, "missing_branches": 0, "percent_branches_covered": 100.0, "percent_branches_covered_display": "100"}, "missing_lines": [], "excluded_lines": [], "start_line": 36, "executed_branches": [], "missing_branches": []}, "": {"executed_lines": [], "summary": {"covered_lines": 0, "num_statements": 8, "percent_covered": 0.0, "percent_covered_display": "0", "missing_lines": 8, "excluded_lines": 0, "percent_statements_covered": 0.0, "percent_statements_covered_display": "0", "num_branches": 0, "num_partial_branches": 0, "covered_branches": 0, "missing_branches": 0, "percent_branches_covered": 100.0, "percent_branches_covered_display": "100"}, "missing_lines": [3, 5, 8, 12, 18, 24, 30, 36], "excluded_lines": [], "start_line": 1, "executed_branches": [], "missing_branches": []}}}, "src\\pytest_cov\\engine.py": {"executed_lines": [36, 37, 42, 43, 44, 93, 96, 268, 270], "summary": {"covered_lines": 9, "num_statements": 233, "percent_covered": 3.1578947368421053, "percent_covered_display": "3", "missing_lines": 224, "excluded_lines": 0, "percent_statements_covered": 3.8626609442060085, "percent_statements_covered_display": "4", "num_branches": 52, "num_partial_branches": 0, "covered_branches": 0, "missing_branches": 52, "percent_branches_covered": 0.0, "percent_branches_covered_display": "0"}, "missing_lines": [3, 4, 5, 6, 7, 8, 9, 10, 11, 12, 13, 15, 16, 17, 19, 20, 23, 24, 27, 28, 29, 30, 33, 34, 35, 38, 41, 46, 47, 49, 52, 55, 57, 58, 59, 60, 61, 62, 63, 64, 66, 67, 68, 69, 70, 71, 72, 73, 75, 76, 77, 78, 79, 80, 82, 83, 84, 85, 87, 88, 89, 90, 92, 95, 98, 99, 102, 104, 105, 107, 109, 110, 111, 113, 114, 115, 117, 121, 126, 127, 128, 129, 133, 134, 136, 137, 139, 140, 143, 146, 147, 149, 150, 151, 154, 155, 156, 157, 158, 161, 162, 168, 169, 170, 173, 174, 176, 180, 181, 182, 184, 187, 188, 189, 190, 193, 194, 195, 196, 199, 200, 201, 202, 205, 206, 207, 208, 209, 212, 213, 214, 215, 216, 219, 220, 221, 225, 227, 229, 232, 235, 236, 237, 243, 244, 248, 250, 259, 260, 261, 263, 265, 266, 271, 273, 274, 275, 276, 278, 279, 282, 285, 286, 287, 293, 294, 299, 300, 301, 302, 309, 310, 311, 312, 314, 317, 325, 330, 331, 332, 333, 337, 338, 345, 348, 349, 350, 353, 354, 355, 357, 358, 362, 363, 364, 365, 366, 367, 370, 373, 374, 376, 382, 383, 384, 385, 386, 387, 390, 397, 398, 400, 402, 403, 405, 407, 409, 413, 417, 419, 420, 426, 428, 436], "excluded_lines": [], "executed_branches": [], "missing_branches": [[109, 110], [109, 111], [114, 115], [114, 117], [121, 126], [121, 127], [133, 134], [133, 136], [146, 147], [146, 149], [150, 151], [150, 154], [154, 155], [154, 161], [157, 158], [157, 161], [161, 162], [161, 173], [173, 174], [173, 187], [181, 182], [181, 184], [187, 188], [187, 193], [193, 194], [193, 199], [199, 200], [199, 205], [205, 206], [205, 212], [212, 213], [212, 219], [219, 220], [219, 229], [243, 244], [243, 250], [259, 260], [259, 261], [293, 294], [293, 299], [309, 310], [309, 311], [331, 332], [331, 337], [337, 338], [337, 353], [382, 383], [382, 390], [385, 386], [385, 387], [409, 413], [409, 419]], "functions": {"_NullFile.write": {"executed_lines": [], "summary": {"covered_lines": 0, "num_statements": 1, "percent_covered": 0.0, "percent_covered_display": "0", "missing_lines": 1, "excluded_lines": 0, "percent_statements_covered": 0.0, "percent_statements_covered_display": "0", "num_branches": 0, "num_partial_branches": 0, "covered_branches": 0, "missing_branches": 0, "percent_branches_covered": 100.0, "percent_branches_covered_display": "100"}, "missing_lines": [30], "excluded_lines": [], "start_line": 29, "executed_branches": [], "missing_branches": []}, "_ensure_topdir": {"executed_lines": [], "summary": {"covered_lines": 0, "num_statements": 2, "percent_covered": 0.0, "percent_covered_display": "0", "missing_lines": 2, "excluded_lines": 0, "percent_statements_covered": 0.0, "percent_statements_covered_display": "0", "num_branches": 0, "num_partial_branches": 0, "covered_branches": 0, "missing_branches": 0, "percent_branches_covered": 100.0, "percent_branches_covered_display": "100"}, "missing_lines": [35, 49], "excluded_lines": [], "start_line": 33, "executed_branches": [], "missing_branches": []}, "_ensure_topdir.ensure_topdir_wrapper": {"executed_lines": [36, 37, 42, 43, 44], "summary": {"covered_lines": 5, "num_statements": 9, "percent_covered": 55.55555555555556, "percent_covered_display": "56", "missing_lines": 4, "excluded_lines": 0, "percent_statements_covered": 55.55555555555556, "percent_statements_covered_display": "56", "num_branches": 0, "num_partial_branches": 0, "covered_branches": 0, "missing_branches": 0, "percent_branches_covered": 100.0, "percent_branches_covered_display": "100"}, "missing_lines": [38, 41, 46, 47], "excluded_lines": [], "start_line": 35, "executed_branches": [], "missing_branches": []}, "CovController.__init__": {"executed_lines": [], "summary": {"covered_lines": 0, "num_statements": 16, "percent_covered": 0.0, "percent_covered_display": "0", "missing_lines": 16, "excluded_lines": 0, "percent_statements_covered": 0.0, "percent_statements_covered_display": "0", "num_branches": 0, "num_partial_branches": 0, "covered_branches": 0, "missing_branches": 0, "percent_branches_covered": 100.0, "percent_branches_covered_display": "100"}, "missing_lines": [57, 58, 59, 60, 61, 62, 63, 64, 66, 67, 68, 69, 70, 71, 72, 73], "excluded_lines": [], "start_line": 55, "executed_branches": [], "missing_branches": []}, "CovController.ensure_topdir": {"executed_lines": [], "summary": {"covered_lines": 0, "num_statements": 4, "percent_covered": 0.0, "percent_covered_display": "0", "missing_lines": 4, "excluded_lines": 0, "percent_statements_covered": 0.0, "percent_statements_covered_display": "0", "num_branches": 0, "num_partial_branches": 0, "covered_branches": 0, "missing_branches": 0, "percent_branches_covered": 100.0, "percent_branches_covered_display": "100"}, "missing_lines": [77, 78, 79, 80], "excluded_lines": [], "start_line": 76, "executed_branches": [], "missing_branches": []}, "CovController.pause": {"executed_lines": [], "summary": {"covered_lines": 0, "num_statements": 2, "percent_covered": 0.0, "percent_covered_display": "0", "missing_lines": 2, "excluded_lines": 0, "percent_statements_covered": 0.0, "percent_statements_covered_display": "0", "num_branches": 0, "num_partial_branches": 0, "covered_branches": 0, "missing_branches": 0, "percent_branches_covered": 100.0, "percent_branches_covered_display": "100"}, "missing_lines": [84, 85], "excluded_lines": [], "start_line": 83, "executed_branches": [], "missing_branches": []}, "CovController.resume": {"executed_lines": [], "summary": {"covered_lines": 0, "num_statements": 2, "percent_covered": 0.0, "percent_covered_display": "0", "missing_lines": 2, "excluded_lines": 0, "percent_statements_covered": 0.0, "percent_statements_covered_display": "0", "num_branches": 0, "num_partial_branches": 0, "covered_branches": 0, "missing_branches": 0, "percent_branches_covered": 100.0, "percent_branches_covered_display": "100"}, "missing_lines": [89, 90], "excluded_lines": [], "start_line": 88, "executed_branches": [], "missing_branches": []}, "CovController.start": {"executed_lines": [93], "summary": {"covered_lines": 1, "num_statements": 1, "percent_covered": 100.0, "percent_covered_display": "100", "missing_lines": 0, "excluded_lines": 0, "percent_statements_covered": 100.0, "percent_statements_covered_display": "100", "num_branches": 0, "num_partial_branches": 0, "covered_branches": 0, "missing_branches": 0, "percent_branches_covered": 100.0, "percent_branches_covered_display": "100"}, "missing_lines": [], "excluded_lines": [], "start_line": 92, "executed_branches": [], "missing_branches": []}, "CovController.finish": {"executed_lines": [96], "summary": {"covered_lines": 1, "num_statements": 1, "percent_covered": 100.0, "percent_covered_display": "100", "missing_lines": 0, "excluded_lines": 0, "percent_statements_covered": 100.0, "percent_statements_covered_display": "100", "num_branches": 0, "num_partial_branches": 0, "covered_branches": 0, "missing_branches": 0, "percent_branches_covered": 100.0, "percent_branches_covered_display": "100"}, "missing_lines": [], "excluded_lines": [], "start_line": 95, "executed_branches": [], "missing_branches": []}, "CovController.get_node_desc": {"executed_lines": [], "summary": {"covered_lines": 0, "num_statements": 1, "percent_covered": 0.0, "percent_covered_display": "0", "missing_lines": 1, "excluded_lines": 0, "percent_statements_covered": 0.0, "percent_statements_covered_display": "0", "num_branches": 0, "num_partial_branches": 0, "covered_branches": 0, "missing_branches": 0, "percent_branches_covered": 100.0, "percent_branches_covered_display": "100"}, "missing_lines": [102], "excluded_lines": [], "start_line": 99, "executed_branches": [], "missing_branches": []}, "CovController.get_width": {"executed_lines": [], "summary": {"covered_lines": 0, "num_statements": 4, "percent_covered": 0.0, "percent_covered_display": "0", "missing_lines": 4, "excluded_lines": 0, "percent_statements_covered": 0.0, "percent_statements_covered_display": "0", "num_branches": 2, "num_partial_branches": 0, "covered_branches": 0, "missing_branches": 2, "percent_branches_covered": 0.0, "percent_branches_covered_display": "0"}, "missing_lines": [107, 109, 110, 111], "excluded_lines": [], "start_line": 105, "executed_branches": [], "missing_branches": [[109, 110], [109, 111]]}, "CovController.sep": {"executed_lines": [], "summary": {"covered_lines": 0, "num_statements": 12, "percent_covered": 0.0, "percent_covered_display": "0", "missing_lines": 12, "excluded_lines": 0, "percent_statements_covered": 0.0, "percent_statements_covered_display": "0", "num_branches": 6, "num_partial_branches": 0, "covered_branches": 0, "missing_branches": 6, "percent_branches_covered": 0.0, "percent_branches_covered_display": "0"}, "missing_lines": [114, 115, 117, 121, 126, 127, 128, 129, 133, 134, 136, 137], "excluded_lines": [], "start_line": 113, "executed_branches": [], "missing_branches": [[114, 115], [114, 117], [121, 126], [121, 127], [133, 134], [133, 136]]}, "CovController.summary": {"executed_lines": [], "summary": {"covered_lines": 0, "num_statements": 51, "percent_covered": 0.0, "percent_covered_display": "0", "missing_lines": 51, "excluded_lines": 0, "percent_statements_covered": 0.0, "percent_statements_covered_display": "0", "num_branches": 26, "num_partial_branches": 0, "covered_branches": 0, "missing_branches": 26, "percent_branches_covered": 0.0, "percent_branches_covered_display": "0"}, "missing_lines": [143, 146, 147, 149, 150, 151, 154, 155, 156, 157, 158, 161, 162, 168, 169, 170, 173, 174, 176, 180, 181, 182, 184, 187, 188, 189, 190, 193, 194, 195, 196, 199, 200, 201, 202, 205, 206, 207, 208, 209, 212, 213, 214, 215, 216, 219, 220, 221, 225, 227, 229], "excluded_lines": [], "start_line": 140, "executed_branches": [], "missing_branches": [[146, 147], [146, 149], [150, 151], [150, 154], [154, 155], [154, 161], [157, 158], [157, 161], [161, 162], [161, 173], [173, 174], [173, 187], [181, 182], [181, 184], [187, 188], [187, 193], [193, 194], [193, 199], [199, 200], [199, 205], [205, 206], [205, 212], [212, 213], [212, 219], [219, 220], [219, 229]]}, "Central.start": {"executed_lines": [], "summary": {"covered_lines": 0, "num_statements": 9, "percent_covered": 0.0, "percent_covered_display": "0", "missing_lines": 9, "excluded_lines": 0, "percent_statements_covered": 0.0, "percent_statements_covered_display": "0", "num_branches": 4, "num_partial_branches": 0, "covered_branches": 0, "missing_branches": 4, "percent_branches_covered": 0.0, "percent_branches_covered_display": "0"}, "missing_lines": [237, 243, 244, 248, 250, 259, 260, 261, 263], "excluded_lines": [], "start_line": 236, "executed_branches": [], "missing_branches": [[243, 244], [243, 250], [259, 260], [259, 261]]}, "Central.finish": {"executed_lines": [268, 270], "summary": {"covered_lines": 2, "num_statements": 9, "percent_covered": 22.22222222222222, "percent_covered_display": "22", "missing_lines": 7, "excluded_lines": 0, "percent_statements_covered": 22.22222222222222, "percent_statements_covered_display": "22", "num_branches": 0, "num_partial_branches": 0, "covered_branches": 0, "missing_branches": 0, "percent_branches_covered": 100.0, "percent_branches_covered_display": "100"}, "missing_lines": [271, 273, 274, 275, 276, 278, 279], "excluded_lines": [], "start_line": 266, "executed_branches": [], "missing_branches": []}, "DistMaster.start": {"executed_lines": [], "summary": {"covered_lines": 0, "num_statements": 11, "percent_covered": 0.0, "percent_covered_display": "0", "missing_lines": 11, "excluded_lines": 0, "percent_statements_covered": 0.0, "percent_statements_covered_display": "0", "num_branches": 4, "num_partial_branches": 0, "covered_branches": 0, "missing_branches": 4, "percent_branches_covered": 0.0, "percent_branches_covered_display": "0"}, "missing_lines": [287, 293, 294, 299, 300, 301, 302, 309, 310, 311, 312], "excluded_lines": [], "start_line": 286, "executed_branches": [], "missing_branches": [[293, 294], [293, 299], [309, 310], [309, 311]]}, "DistMaster.configure_node": {"executed_lines": [], "summary": {"covered_lines": 0, "num_statements": 1, "percent_covered": 0.0, "percent_covered_display": "0", "missing_lines": 1, "excluded_lines": 0, "percent_statements_covered": 0.0, "percent_statements_covered_display": "0", "num_branches": 0, "num_partial_branches": 0, "covered_branches": 0, "missing_branches": 0, "percent_branches_covered": 100.0, "percent_branches_covered_display": "100"}, "missing_lines": [317], "excluded_lines": [], "start_line": 314, "executed_branches": [], "missing_branches": []}, "DistMaster.testnodedown": {"executed_lines": [], "summary": {"covered_lines": 0, "num_statements": 13, "percent_covered": 0.0, "percent_covered_display": "0", "missing_lines": 13, "excluded_lines": 0, "percent_statements_covered": 0.0, "percent_statements_covered_display": "0", "num_branches": 4, "num_partial_branches": 0, "covered_branches": 0, "missing_branches": 4, "percent_branches_covered": 0.0, "percent_branches_covered_display": "0"}, "missing_lines": [330, 331, 332, 333, 337, 338, 345, 348, 349, 350, 353, 354, 355], "excluded_lines": [], "start_line": 325, "executed_branches": [], "missing_branches": [[331, 332], [331, 337], [337, 338], [337, 353]]}, "DistMaster.finish": {"executed_lines": [], "summary": {"covered_lines": 0, "num_statements": 6, "percent_covered": 0.0, "percent_covered_display": "0", "missing_lines": 6, "excluded_lines": 0, "percent_statements_covered": 0.0, "percent_statements_covered_display": "0", "num_branches": 0, "num_partial_branches": 0, "covered_branches": 0, "missing_branches": 0, "percent_branches_covered": 100.0, "percent_branches_covered_display": "100"}, "missing_lines": [362, 363, 364, 365, 366, 367], "excluded_lines": [], "start_line": 358, "executed_branches": [], "missing_branches": []}, "DistWorker.start": {"executed_lines": [], "summary": {"covered_lines": 0, "num_statements": 11, "percent_covered": 0.0, "percent_covered_display": "0", "missing_lines": 11, "excluded_lines": 0, "percent_statements_covered": 0.0, "percent_statements_covered_display": "0", "num_branches": 4, "num_partial_branches": 0, "covered_branches": 0, "missing_branches": 4, "percent_branches_covered": 0.0, "percent_branches_covered_display": "0"}, "missing_lines": [376, 382, 383, 384, 385, 386, 387, 390, 397, 398, 400], "excluded_lines": [], "start_line": 374, "executed_branches": [], "missing_branches": [[382, 383], [382, 390], [385, 386], [385, 387]]}, "DistWorker.finish": {"executed_lines": [], "summary": {"covered_lines": 0, "num_statements": 9, "percent_covered": 0.0, "percent_covered_display": "0", "missing_lines": 9, "excluded_lines": 0, "percent_statements_covered": 0.0, "percent_statements_covered_display": "0", "num_branches": 2, "num_partial_branches": 0, "covered_branches": 0, "missing_branches": 2, "percent_branches_covered": 0.0, "percent_branches_covered_display": "0"}, "missing_lines": [405, 407, 409, 413, 417, 419, 420, 426, 428], "excluded_lines": [], "start_line": 403, "executed_branches": [], "missing_branches": [[409, 413], [409, 419]]}, "DistWorker.summary": {"executed_lines": [], "summary": {"covered_lines": 0, "num_statements": 0, "percent_covered": 100.0, "percent_covered_display": "100", "missing_lines": 0, "excluded_lines": 0, "percent_statements_covered": 100.0, "percent_statements_covered_display": "100", "num_branches": 0, "num_partial_branches": 0, "covered_branches": 0, "missing_branches": 0, "percent_branches_covered": 100.0, "percent_branches_covered_display": "100"}, "missing_lines": [], "excluded_lines": [], "start_line": 436, "executed_branches": [], "missing_branches": []}, "": {"executed_lines": [], "summary": {"covered_lines": 0, "num_statements": 58, "percent_covered": 0.0, "percent_covered_display": "0", "missing_lines": 58, "excluded_lines": 0, "percent_statements_covered": 0.0, "percent_statements_covered_display": "0", "num_branches": 0, "num_partial_branches": 0, "covered_branches": 0, "missing_branches": 0, "percent_branches_covered": 100.0, "percent_branches_covered_display": "100"}, "missing_lines": [3, 4, 5, 6, 7, 8, 9, 10, 11, 12, 13, 15, 16, 17, 19, 20, 23, 24, 27, 28, 29, 33, 34, 52, 55, 75, 76, 82, 83, 87, 88, 92, 95, 98, 99, 104, 105, 113, 139, 140, 232, 235, 236, 265, 266, 282, 285, 286, 314, 325, 357, 358, 370, 373, 374, 402, 403, 436], "excluded_lines": [], "start_line": 1, "executed_branches": [], "missing_branches": []}}, "classes": {"BrokenCovConfigError": {"executed_lines": [], "summary": {"covered_lines": 0, "num_statements": 0, "percent_covered": 100.0, "percent_covered_display": "100", "missing_lines": 0, "excluded_lines": 0, "percent_statements_covered": 100.0, "percent_statements_covered_display": "100", "num_branches": 0, "num_partial_branches": 0, "covered_branches": 0, "missing_branches": 0, "percent_branches_covered": 100.0, "percent_branches_covered_display": "100"}, "missing_lines": [], "excluded_lines": [], "start_line": 23, "executed_branches": [], "missing_branches": []}, "_NullFile": {"executed_lines": [], "summary": {"covered_lines": 0, "num_statements": 1, "percent_covered": 0.0, "percent_covered_display": "0", "missing_lines": 1, "excluded_lines": 0, "percent_statements_covered": 0.0, "percent_statements_covered_display": "0", "num_branches": 0, "num_partial_branches": 0, "covered_branches": 0, "missing_branches": 0, "percent_branches_covered": 100.0, "percent_branches_covered_display": "100"}, "missing_lines": [30], "excluded_lines": [], "start_line": 27, "executed_branches": [], "missing_branches": []}, "CovController": {"executed_lines": [93, 96], "summary": {"covered_lines": 2, "num_statements": 94, "percent_covered": 1.5625, "percent_covered_display": "2", "missing_lines": 92, "excluded_lines": 0, "percent_statements_covered": 2.127659574468085, "percent_statements_covered_display": "2", "num_branches": 34, "num_partial_branches": 0, "covered_branches": 0, "missing_branches": 34, "percent_branches_covered": 0.0, "percent_branches_covered_display": "0"}, "missing_lines": [57, 58, 59, 60, 61, 62, 63, 64, 66, 67, 68, 69, 70, 71, 72, 73, 77, 78, 79, 80, 84, 85, 89, 90, 102, 107, 109, 110, 111, 114, 115, 117, 121, 126, 127, 128, 129, 133, 134, 136, 137, 143, 146, 147, 149, 150, 151, 154, 155, 156, 157, 158, 161, 162, 168, 169, 170, 173, 174, 176, 180, 181, 182, 184, 187, 188, 189, 190, 193, 194, 195, 196, 199, 200, 201, 202, 205, 206, 207, 208, 209, 212, 213, 214, 215, 216, 219, 220, 221, 225, 227, 229], "excluded_lines": [], "start_line": 52, "executed_branches": [], "missing_branches": [[109, 110], [109, 111], [114, 115], [114, 117], [121, 126], [121, 127], [133, 134], [133, 136], [146, 147], [146, 149], [150, 151], [150, 154], [154, 155], [154, 161], [157, 158], [157, 161], [161, 162], [161, 173], [173, 174], [173, 187], [181, 182], [181, 184], [187, 188], [187, 193], [193, 194], [193, 199], [199, 200], [199, 205], [205, 206], [205, 212], [212, 213], [212, 219], [219, 220], [219, 229]]}, "Central": {"executed_lines": [268, 270], "summary": {"covered_lines": 2, "num_statements": 18, "percent_covered": 9.090909090909092, "percent_covered_display": "9", "missing_lines": 16, "excluded_lines": 0, "percent_statements_covered": 11.11111111111111, "percent_statements_covered_display": "11", "num_branches": 4, "num_partial_branches": 0, "covered_branches": 0, "missing_branches": 4, "percent_branches_covered": 0.0, "percent_branches_covered_display": "0"}, "missing_lines": [237, 243, 244, 248, 250, 259, 260, 261, 263, 271, 273, 274, 275, 276, 278, 279], "excluded_lines": [], "start_line": 232, "executed_branches": [], "missing_branches": [[243, 244], [243, 250], [259, 260], [259, 261]]}, "DistMaster": {"executed_lines": [], "summary": {"covered_lines": 0, "num_statements": 31, "percent_covered": 0.0, "percent_covered_display": "0", "missing_lines": 31, "excluded_lines": 0, "percent_statements_covered": 0.0, "percent_statements_covered_display": "0", "num_branches": 8, "num_partial_branches": 0, "covered_branches": 0, "missing_branches": 8, "percent_branches_covered": 0.0, "percent_branches_covered_display": "0"}, "missing_lines": [287, 293, 294, 299, 300, 301, 302, 309, 310, 311, 312, 317, 330, 331, 332, 333, 337, 338, 345, 348, 349, 350, 353, 354, 355, 362, 363, 364, 365, 366, 367], "excluded_lines": [], "start_line": 282, "executed_branches": [], "missing_branches": [[293, 294], [293, 299], [309, 310], [309, 311], [331, 332], [331, 337], [337, 338], [337, 353]]}, "DistWorker": {"executed_lines": [], "summary": {"covered_lines": 0, "num_statements": 20, "percent_covered": 0.0, "percent_covered_display": "0", "missing_lines": 20, "excluded_lines": 0, "percent_statements_covered": 0.0, "percent_statements_covered_display": "0", "num_branches": 6, "num_partial_branches": 0, "covered_branches": 0, "missing_branches": 6, "percent_branches_covered": 0.0, "percent_branches_covered_display": "0"}, "missing_lines": [376, 382, 383, 384, 385, 386, 387, 390, 397, 398, 400, 405, 407, 409, 413, 417, 419, 420, 426, 428], "excluded_lines": [], "start_line": 370, "executed_branches": [], "missing_branches": [[382, 383], [382, 390], [385, 386], [385, 387], [409, 413], [409, 419]]}, "": {"executed_lines": [36, 37, 42, 43, 44], "summary": {"covered_lines": 5, "num_statements": 69, "percent_covered": 7.246376811594203, "percent_covered_display": "7", "missing_lines": 64, "excluded_lines": 0, "percent_statements_covered": 7.246376811594203, "percent_statements_covered_display": "7", "num_branches": 0, "num_partial_branches": 0, "covered_branches": 0, "missing_branches": 0, "percent_branches_covered": 100.0, "percent_branches_covered_display": "100"}, "missing_lines": [3, 4, 5, 6, 7, 8, 9, 10, 11, 12, 13, 15, 16, 17, 19, 20, 23, 24, 27, 28, 29, 33, 34, 35, 38, 41, 46, 47, 49, 52, 55, 75, 76, 82, 83, 87, 88, 92, 95, 98, 99, 104, 105, 113, 139, 140, 232, 235, 236, 265, 266, 282, 285, 286, 314, 325, 357, 358, 370, 373, 374, 402, 403, 436], "excluded_lines": [], "start_line": 1, "executed_branches": [], "missing_branches": []}}}, "src\\pytest_cov\\plugin.py": {"executed_lines": [95, 96, 107, 114, 127, 134, 140, 146, 153, 159, 165, 171, 187, 192, 193, 194, 195, 196, 198, 202, 224, 225, 226, 227, 228, 229, 230, 231, 232, 233, 235, 236, 240, 241, 244, 248, 250, 252, 276, 281, 288, 290, 291, 294, 297, 326, 330, 331, 334, 335, 336, 339, 340, 342, 343, 346, 348, 350, 351, 352, 391, 398, 399, 425, 430, 471], "summary": {"covered_lines": 66, "num_statements": 255, "percent_covered": 26.345609065155806, "percent_covered_display": "26", "missing_lines": 189, "excluded_lines": 2, "percent_statements_covered": 25.88235294117647, "percent_statements_covered_display": "26", "num_branches": 98, "num_partial_branches": 19, "covered_branches": 27, "missing_branches": 71, "percent_branches_covered": 27.551020408163264, "percent_branches_covered_display": "28"}, "missing_lines": [3, 4, 5, 6, 7, 8, 9, 11, 13, 14, 15, 22, 23, 26, 27, 28, 29, 30, 31, 32, 33, 34, 35, 37, 38, 40, 41, 42, 44, 45, 46, 48, 51, 52, 53, 54, 55, 56, 57, 58, 59, 60, 63, 66, 67, 68, 69, 72, 73, 74, 75, 78, 79, 80, 81, 83, 84, 85, 86, 87, 88, 89, 92, 180, 190, 191, 197, 199, 200, 203, 204, 207, 215, 237, 238, 242, 243, 251, 253, 257, 258, 260, 261, 263, 265, 266, 267, 268, 269, 270, 271, 272, 273, 275, 278, 283, 284, 292, 293, 295, 298, 300, 301, 306, 307, 309, 310, 315, 316, 318, 319, 320, 324, 325, 327, 332, 337, 344, 354, 357, 358, 359, 361, 362, 363, 364, 365, 366, 367, 368, 369, 370, 371, 372, 373, 374, 379, 381, 383, 385, 386, 387, 388, 390, 392, 393, 394, 395, 396, 397, 401, 403, 405, 407, 408, 409, 411, 412, 413, 414, 415, 421, 423, 424, 426, 427, 428, 433, 436, 437, 439, 440, 442, 443, 445, 446, 448, 449, 450, 453, 454, 458, 459, 463, 464, 465, 466, 467, 470], "excluded_lines": [17, 18], "executed_branches": [[194, 195], [194, 202], [196, 198], [198, 194], [202, -190], [236, 240], [240, 241], [250, 252], [252, -215], [281, 288], [291, 294], [294, 297], [297, -278], [326, 330], [330, 331], [330, 334], [331, 330], [335, 336], [335, 339], [336, 335], [342, 343], [342, 346], [343, 342], [351, 352], [391, 398], [398, 399], [425, 430]], "missing_branches": [[33, 34], [33, 37], [37, 38], [37, 40], [41, 42], [41, 44], [44, 45], [44, 48], [59, 60], [59, 63], [67, 68], [67, 69], [78, 79], [78, 80], [80, -73], [80, 81], [86, -83], [86, 87], [196, 197], [198, 199], [202, 203], [236, 237], [240, 242], [242, 243], [242, 244], [250, 251], [252, 253], [258, 260], [258, 265], [270, 271], [270, 272], [272, -257], [272, 273], [281, 283], [291, 292], [294, 295], [297, 298], [306, -300], [306, 307], [315, -309], [315, 316], [326, 327], [331, 332], [336, 337], [343, 344], [351, 354], [354, 357], [354, 383], [371, 372], [371, 373], [373, 374], [373, 383], [386, -385], [386, 387], [391, 392], [392, 393], [392, 397], [398, 401], [401, 403], [401, 405], [407, 408], [407, 411], [411, -390], [411, 412], [425, 426], [449, -448], [449, 450], [463, 464], [463, 467], [465, 466], [465, 467]], "functions": {"validate_report": {"executed_lines": [], "summary": {"covered_lines": 0, "num_statements": 18, "percent_covered": 0.0, "percent_covered_display": "0", "missing_lines": 18, "excluded_lines": 0, "percent_statements_covered": 0.0, "percent_statements_covered_display": "0", "num_branches": 8, "num_partial_branches": 0, "covered_branches": 0, "missing_branches": 8, "percent_branches_covered": 0.0, "percent_branches_covered_display": "0"}, "missing_lines": [27, 28, 29, 30, 31, 32, 33, 34, 35, 37, 38, 40, 41, 42, 44, 45, 46, 48], "excluded_lines": [], "start_line": 26, "executed_branches": [], "missing_branches": [[33, 34], [33, 37], [37, 38], [37, 40], [41, 42], [41, 44], [44, 45], [44, 48]]}, "validate_fail_under": {"executed_lines": [], "summary": {"covered_lines": 0, "num_statements": 10, "percent_covered": 0.0, "percent_covered_display": "0", "missing_lines": 10, "excluded_lines": 0, "percent_statements_covered": 0.0, "percent_statements_covered_display": "0", "num_branches": 2, "num_partial_branches": 0, "covered_branches": 0, "missing_branches": 2, "percent_branches_covered": 0.0, "percent_branches_covered_display": "0"}, "missing_lines": [52, 53, 54, 55, 56, 57, 58, 59, 60, 63], "excluded_lines": [], "start_line": 51, "executed_branches": [], "missing_branches": [[59, 60], [59, 63]]}, "validate_context": {"executed_lines": [], "summary": {"covered_lines": 0, "num_statements": 3, "percent_covered": 0.0, "percent_covered_display": "0", "missing_lines": 3, "excluded_lines": 0, "percent_statements_covered": 0.0, "percent_statements_covered_display": "0", "num_branches": 2, "num_partial_branches": 0, "covered_branches": 0, "missing_branches": 2, "percent_branches_covered": 0.0, "percent_branches_covered_display": "0"}, "missing_lines": [67, 68, 69], "excluded_lines": [], "start_line": 66, "executed_branches": [], "missing_branches": [[67, 68], [67, 69]]}, "StoreReport.__call__": {"executed_lines": [], "summary": {"covered_lines": 0, "num_statements": 6, "percent_covered": 0.0, "percent_covered_display": "0", "missing_lines": 6, "excluded_lines": 0, "percent_statements_covered": 0.0, "percent_statements_covered_display": "0", "num_branches": 4, "num_partial_branches": 0, "covered_branches": 0, "missing_branches": 4, "percent_branches_covered": 0.0, "percent_branches_covered_display": "0"}, "missing_lines": [74, 75, 78, 79, 80, 81], "excluded_lines": [], "start_line": 73, "executed_branches": [], "missing_branches": [[78, 79], [78, 80], [80, -73], [80, 81]]}, "StoreReport._validate_markdown_dest_files": {"executed_lines": [], "summary": {"covered_lines": 0, "num_statements": 6, "percent_covered": 0.0, "percent_covered_display": "0", "missing_lines": 6, "excluded_lines": 0, "percent_statements_covered": 0.0, "percent_statements_covered_display": "0", "num_branches": 2, "num_partial_branches": 0, "covered_branches": 0, "missing_branches": 2, "percent_branches_covered": 0.0, "percent_branches_covered_display": "0"}, "missing_lines": [84, 85, 86, 87, 88, 89], "excluded_lines": [], "start_line": 83, "executed_branches": [], "missing_branches": [[86, -83], [86, 87]]}, "pytest_addoption": {"executed_lines": [95, 96, 107, 114, 127, 134, 140, 146, 153, 159, 165, 171], "summary": {"covered_lines": 12, "num_statements": 12, "percent_covered": 100.0, "percent_covered_display": "100", "missing_lines": 0, "excluded_lines": 0, "percent_statements_covered": 100.0, "percent_statements_covered_display": "100", "num_branches": 0, "num_partial_branches": 0, "covered_branches": 0, "missing_branches": 0, "percent_branches_covered": 100.0, "percent_branches_covered_display": "100"}, "missing_lines": [], "excluded_lines": [], "start_line": 92, "executed_branches": [], "missing_branches": []}, "_prepare_cov_source": {"executed_lines": [187], "summary": {"covered_lines": 1, "num_statements": 1, "percent_covered": 100.0, "percent_covered_display": "100", "missing_lines": 0, "excluded_lines": 0, "percent_statements_covered": 100.0, "percent_statements_covered_display": "100", "num_branches": 0, "num_partial_branches": 0, "covered_branches": 0, "missing_branches": 0, "percent_branches_covered": 100.0, "percent_branches_covered_display": "100"}, "missing_lines": [], "excluded_lines": [], "start_line": 180, "executed_branches": [], "missing_branches": []}, "pytest_load_initial_conftests": {"executed_lines": [192, 193, 194, 195, 196, 198, 202], "summary": {"covered_lines": 7, "num_statements": 12, "percent_covered": 60.0, "percent_covered_display": "60", "missing_lines": 5, "excluded_lines": 0, "percent_statements_covered": 58.333333333333336, "percent_statements_covered_display": "58", "num_branches": 8, "num_partial_branches": 3, "covered_branches": 5, "missing_branches": 3, "percent_branches_covered": 62.5, "percent_branches_covered_display": "62"}, "missing_lines": [197, 199, 200, 203, 204], "excluded_lines": [], "start_line": 191, "executed_branches": [[194, 195], [194, 202], [196, 198], [198, 194], [202, -190]], "missing_branches": [[196, 197], [198, 199], [202, 203]]}, "CovPlugin.__init__": {"executed_lines": [224, 225, 226, 227, 228, 229, 230, 231, 232, 233, 235, 236, 240, 241, 244, 248, 250, 252], "summary": {"covered_lines": 18, "num_statements": 24, "percent_covered": 64.70588235294117, "percent_covered_display": "65", "missing_lines": 6, "excluded_lines": 0, "percent_statements_covered": 75.0, "percent_statements_covered_display": "75", "num_branches": 10, "num_partial_branches": 4, "covered_branches": 4, "missing_branches": 6, "percent_branches_covered": 40.0, "percent_branches_covered_display": "40"}, "missing_lines": [237, 238, 242, 243, 251, 253], "excluded_lines": [], "start_line": 215, "executed_branches": [[236, 240], [240, 241], [250, 252], [252, -215]], "missing_branches": [[236, 237], [240, 242], [242, 243], [242, 244], [250, 251], [252, 253]]}, "CovPlugin.start": {"executed_lines": [], "summary": {"covered_lines": 0, "num_statements": 13, "percent_covered": 0.0, "percent_covered_display": "0", "missing_lines": 13, "excluded_lines": 0, "percent_statements_covered": 0.0, "percent_statements_covered_display": "0", "num_branches": 6, "num_partial_branches": 0, "covered_branches": 0, "missing_branches": 6, "percent_branches_covered": 0.0, "percent_branches_covered_display": "0"}, "missing_lines": [258, 260, 261, 263, 265, 266, 267, 268, 269, 270, 271, 272, 273], "excluded_lines": [], "start_line": 257, "executed_branches": [], "missing_branches": [[258, 260], [258, 265], [270, 271], [270, 272], [272, -257], [272, 273]]}, "CovPlugin._is_worker": {"executed_lines": [276], "summary": {"covered_lines": 1, "num_statements": 1, "percent_covered": 100.0, "percent_covered_display": "100", "missing_lines": 0, "excluded_lines": 0, "percent_statements_covered": 100.0, "percent_statements_covered_display": "100", "num_branches": 0, "num_partial_branches": 0, "covered_branches": 0, "missing_branches": 0, "percent_branches_covered": 100.0, "percent_branches_covered_display": "100"}, "missing_lines": [], "excluded_lines": [], "start_line": 275, "executed_branches": [], "missing_branches": []}, "CovPlugin.pytest_sessionstart": {"executed_lines": [281, 288, 290, 291, 294, 297], "summary": {"covered_lines": 6, "num_statements": 12, "percent_covered": 50.0, "percent_covered_display": "50", "missing_lines": 6, "excluded_lines": 0, "percent_statements_covered": 50.0, "percent_statements_covered_display": "50", "num_branches": 8, "num_partial_branches": 4, "covered_branches": 4, "missing_branches": 4, "percent_branches_covered": 50.0, "percent_branches_covered_display": "50"}, "missing_lines": [283, 284, 292, 293, 295, 298], "excluded_lines": [], "start_line": 278, "executed_branches": [[281, 288], [291, 294], [294, 297], [297, -278]], "missing_branches": [[281, 283], [291, 292], [294, 295], [297, 298]]}, "CovPlugin.pytest_configure_node": {"executed_lines": [], "summary": {"covered_lines": 0, "num_statements": 2, "percent_covered": 0.0, "percent_covered_display": "0", "missing_lines": 2, "excluded_lines": 0, "percent_statements_covered": 0.0, "percent_statements_covered_display": "0", "num_branches": 2, "num_partial_branches": 0, "covered_branches": 0, "missing_branches": 2, "percent_branches_covered": 0.0, "percent_branches_covered_display": "0"}, "missing_lines": [306, 307], "excluded_lines": [], "start_line": 301, "executed_branches": [], "missing_branches": [[306, -300], [306, 307]]}, "CovPlugin.pytest_testnodedown": {"executed_lines": [], "summary": {"covered_lines": 0, "num_statements": 2, "percent_covered": 0.0, "percent_covered_display": "0", "missing_lines": 2, "excluded_lines": 0, "percent_statements_covered": 0.0, "percent_statements_covered_display": "0", "num_branches": 2, "num_partial_branches": 0, "covered_branches": 0, "missing_branches": 2, "percent_branches_covered": 0.0, "percent_branches_covered_display": "0"}, "missing_lines": [315, 316], "excluded_lines": [], "start_line": 310, "executed_branches": [], "missing_branches": [[315, -309], [315, 316]]}, "CovPlugin._should_report": {"executed_lines": [], "summary": {"covered_lines": 0, "num_statements": 2, "percent_covered": 0.0, "percent_covered_display": "0", "missing_lines": 2, "excluded_lines": 0, "percent_statements_covered": 0.0, "percent_statements_covered_display": "0", "num_branches": 0, "num_partial_branches": 0, "covered_branches": 0, "missing_branches": 0, "percent_branches_covered": 100.0, "percent_branches_covered_display": "100"}, "missing_lines": [319, 320], "excluded_lines": [], "start_line": 318, "executed_branches": [], "missing_branches": []}, "CovPlugin.pytest_runtestloop": {"executed_lines": [326, 330, 331, 334, 335, 336, 339, 340, 342, 343, 346, 348, 350, 351, 352], "summary": {"covered_lines": 15, "num_statements": 40, "percent_covered": 41.935483870967744, "percent_covered_display": "42", "missing_lines": 25, "excluded_lines": 0, "percent_statements_covered": 37.5, "percent_statements_covered_display": "38", "num_branches": 22, "num_partial_branches": 5, "covered_branches": 11, "missing_branches": 11, "percent_branches_covered": 50.0, "percent_branches_covered_display": "50"}, "missing_lines": [327, 332, 337, 344, 354, 357, 358, 359, 361, 362, 363, 364, 365, 366, 367, 368, 369, 370, 371, 372, 373, 374, 379, 381, 383], "excluded_lines": [], "start_line": 325, "executed_branches": [[326, 330], [330, 331], [330, 334], [331, 330], [335, 336], [335, 339], [336, 335], [342, 343], [342, 346], [343, 342], [351, 352]], "missing_branches": [[326, 327], [331, 332], [336, 337], [343, 344], [351, 354], [354, 357], [354, 383], [371, 372], [371, 373], [373, 374], [373, 383]]}, "CovPlugin.write_heading": {"executed_lines": [], "summary": {"covered_lines": 0, "num_statements": 3, "percent_covered": 0.0, "percent_covered_display": "0", "missing_lines": 3, "excluded_lines": 0, "percent_statements_covered": 0.0, "percent_statements_covered_display": "0", "num_branches": 2, "num_partial_branches": 0, "covered_branches": 0, "missing_branches": 2, "percent_branches_covered": 0.0, "percent_branches_covered_display": "0"}, "missing_lines": [386, 387, 388], "excluded_lines": [], "start_line": 385, "executed_branches": [], "missing_branches": [[386, -385], [386, 387]]}, "CovPlugin.pytest_terminal_summary": {"executed_lines": [391, 398, 399], "summary": {"covered_lines": 3, "num_statements": 21, "percent_covered": 15.151515151515152, "percent_covered_display": "15", "missing_lines": 18, "excluded_lines": 0, "percent_statements_covered": 14.285714285714286, "percent_statements_covered_display": "14", "num_branches": 12, "num_partial_branches": 2, "covered_branches": 2, "missing_branches": 10, "percent_branches_covered": 16.666666666666668, "percent_branches_covered_display": "17"}, "missing_lines": [392, 393, 394, 395, 396, 397, 401, 403, 405, 407, 408, 409, 411, 412, 413, 414, 415, 421], "excluded_lines": [], "start_line": 390, "executed_branches": [[391, 398], [398, 399]], "missing_branches": [[391, 392], [392, 393], [392, 397], [398, 401], [401, 403], [401, 405], [407, 408], [407, 411], [411, -390], [411, 412]]}, "CovPlugin.pytest_runtest_call": {"executed_lines": [425, 430], "summary": {"covered_lines": 2, "num_statements": 5, "percent_covered": 42.857142857142854, "percent_covered_display": "43", "missing_lines": 3, "excluded_lines": 0, "percent_statements_covered": 40.0, "percent_statements_covered_display": "40", "num_branches": 2, "num_partial_branches": 1, "covered_branches": 1, "missing_branches": 1, "percent_branches_covered": 50.0, "percent_branches_covered_display": "50"}, "missing_lines": [426, 427, 428], "excluded_lines": [], "start_line": 424, "executed_branches": [[425, 430]], "missing_branches": [[425, 426]]}, "TestContextPlugin.__init__": {"executed_lines": [], "summary": {"covered_lines": 0, "num_statements": 1, "percent_covered": 0.0, "percent_covered_display": "0", "missing_lines": 1, "excluded_lines": 0, "percent_statements_covered": 0.0, "percent_statements_covered_display": "0", "num_branches": 0, "num_partial_branches": 0, "covered_branches": 0, "missing_branches": 0, "percent_branches_covered": 100.0, "percent_branches_covered_display": "100"}, "missing_lines": [437], "excluded_lines": [], "start_line": 436, "executed_branches": [], "missing_branches": []}, "TestContextPlugin.pytest_runtest_setup": {"executed_lines": [], "summary": {"covered_lines": 0, "num_statements": 1, "percent_covered": 0.0, "percent_covered_display": "0", "missing_lines": 1, "excluded_lines": 0, "percent_statements_covered": 0.0, "percent_statements_covered_display": "0", "num_branches": 0, "num_partial_branches": 0, "covered_branches": 0, "missing_branches": 0, "percent_branches_covered": 100.0, "percent_branches_covered_display": "100"}, "missing_lines": [440], "excluded_lines": [], "start_line": 439, "executed_branches": [], "missing_branches": []}, "TestContextPlugin.pytest_runtest_teardown": {"executed_lines": [], "summary": {"covered_lines": 0, "num_statements": 1, "percent_covered": 0.0, "percent_covered_display": "0", "missing_lines": 1, "excluded_lines": 0, "percent_statements_covered": 0.0, "percent_statements_covered_display": "0", "num_branches": 0, "num_partial_branches": 0, "covered_branches": 0, "missing_branches": 0, "percent_branches_covered": 100.0, "percent_branches_covered_display": "100"}, "missing_lines": [443], "excluded_lines": [], "start_line": 442, "executed_branches": [], "missing_branches": []}, "TestContextPlugin.pytest_runtest_call": {"executed_lines": [], "summary": {"covered_lines": 0, "num_statements": 1, "percent_covered": 0.0, "percent_covered_display": "0", "missing_lines": 1, "excluded_lines": 0, "percent_statements_covered": 0.0, "percent_statements_covered_display": "0", "num_branches": 0, "num_partial_branches": 0, "covered_branches": 0, "missing_branches": 0, "percent_branches_covered": 100.0, "percent_branches_covered_display": "100"}, "missing_lines": [446], "excluded_lines": [], "start_line": 445, "executed_branches": [], "missing_branches": []}, "TestContextPlugin.switch_context": {"executed_lines": [], "summary": {"covered_lines": 0, "num_statements": 2, "percent_covered": 0.0, "percent_covered_display": "0", "missing_lines": 2, "excluded_lines": 0, "percent_statements_covered": 0.0, "percent_statements_covered_display": "0", "num_branches": 2, "num_partial_branches": 0, "covered_branches": 0, "missing_branches": 2, "percent_branches_covered": 0.0, "percent_branches_covered_display": "0"}, "missing_lines": [449, 450], "excluded_lines": [], "start_line": 448, "executed_branches": [], "missing_branches": [[449, -448], [449, 450]]}, "no_cover": {"executed_lines": [], "summary": {"covered_lines": 0, "num_statements": 0, "percent_covered": 100.0, "percent_covered_display": "100", "missing_lines": 0, "excluded_lines": 0, "percent_statements_covered": 100.0, "percent_statements_covered_display": "100", "num_branches": 0, "num_partial_branches": 0, "covered_branches": 0, "missing_branches": 0, "percent_branches_covered": 100.0, "percent_branches_covered_display": "100"}, "missing_lines": [], "excluded_lines": [], "start_line": 454, "executed_branches": [], "missing_branches": []}, "cov": {"executed_lines": [], "summary": {"covered_lines": 0, "num_statements": 5, "percent_covered": 0.0, "percent_covered_display": "0", "missing_lines": 5, "excluded_lines": 0, "percent_statements_covered": 0.0, "percent_statements_covered_display": "0", "num_branches": 4, "num_partial_branches": 0, "covered_branches": 0, "missing_branches": 4, "percent_branches_covered": 0.0, "percent_branches_covered_display": "0"}, "missing_lines": [463, 464, 465, 466, 467], "excluded_lines": [], "start_line": 459, "executed_branches": [], "missing_branches": [[463, 464], [463, 467], [465, 466], [465, 467]]}, "pytest_configure": {"executed_lines": [471], "summary": {"covered_lines": 1, "num_statements": 1, "percent_covered": 100.0, "percent_covered_display": "100", "missing_lines": 0, "excluded_lines": 0, "percent_statements_covered": 100.0, "percent_statements_covered_display": "100", "num_branches": 0, "num_partial_branches": 0, "covered_branches": 0, "missing_branches": 0, "percent_branches_covered": 100.0, "percent_branches_covered_display": "100"}, "missing_lines": [], "excluded_lines": [], "start_line": 470, "executed_branches": [], "missing_branches": []}, "": {"executed_lines": [], "summary": {"covered_lines": 0, "num_statements": 50, "percent_covered": 0.0, "percent_covered_display": "0", "missing_lines": 50, "excluded_lines": 2, "percent_statements_covered": 0.0, "percent_statements_covered_display": "0", "num_branches": 0, "num_partial_branches": 0, "covered_branches": 0, "missing_branches": 0, "percent_branches_covered": 100.0, "percent_branches_covered_display": "100"}, "missing_lines": [3, 4, 5, 6, 7, 8, 9, 11, 13, 14, 15, 22, 23, 26, 51, 66, 72, 73, 83, 92, 180, 190, 191, 207, 215, 257, 275, 278, 300, 301, 309, 310, 318, 324, 325, 385, 390, 423, 424, 433, 436, 439, 442, 445, 448, 453, 454, 458, 459, 470], "excluded_lines": [17, 18], "start_line": 1, "executed_branches": [], "missing_branches": []}}, "classes": {"StoreReport": {"executed_lines": [], "summary": {"covered_lines": 0, "num_statements": 12, "percent_covered": 0.0, "percent_covered_display": "0", "missing_lines": 12, "excluded_lines": 0, "percent_statements_covered": 0.0, "percent_statements_covered_display": "0", "num_branches": 6, "num_partial_branches": 0, "covered_branches": 0, "missing_branches": 6, "percent_branches_covered": 0.0, "percent_branches_covered_display": "0"}, "missing_lines": [74, 75, 78, 79, 80, 81, 84, 85, 86, 87, 88, 89], "excluded_lines": [], "start_line": 72, "executed_branches": [], "missing_branches": [[78, 79], [78, 80], [80, -73], [80, 81], [86, -83], [86, 87]]}, "CovPlugin": {"executed_lines": [224, 225, 226, 227, 228, 229, 230, 231, 232, 233, 235, 236, 240, 241, 244, 248, 250, 252, 276, 281, 288, 290, 291, 294, 297, 326, 330, 331, 334, 335, 336, 339, 340, 342, 343, 346, 348, 350, 351, 352, 391, 398, 399, 425, 430], "summary": {"covered_lines": 45, "num_statements": 125, "percent_covered": 35.07853403141361, "percent_covered_display": "35", "missing_lines": 80, "excluded_lines": 0, "percent_statements_covered": 36.0, "percent_statements_covered_display": "36", "num_branches": 66, "num_partial_branches": 16, "covered_branches": 22, "missing_branches": 44, "percent_branches_covered": 33.333333333333336, "percent_branches_covered_display": "33"}, "missing_lines": [237, 238, 242, 243, 251, 253, 258, 260, 261, 263, 265, 266, 267, 268, 269, 270, 271, 272, 273, 283, 284, 292, 293, 295, 298, 306, 307, 315, 316, 319, 320, 327, 332, 337, 344, 354, 357, 358, 359, 361, 362, 363, 364, 365, 366, 367, 368, 369, 370, 371, 372, 373, 374, 379, 381, 383, 386, 387, 388, 392, 393, 394, 395, 396, 397, 401, 403, 405, 407, 408, 409, 411, 412, 413, 414, 415, 421, 426, 427, 428], "excluded_lines": [], "start_line": 207, "executed_branches": [[236, 240], [240, 241], [250, 252], [252, -215], [281, 288], [291, 294], [294, 297], [297, -278], [326, 330], [330, 331], [330, 334], [331, 330], [335, 336], [335, 339], [336, 335], [342, 343], [342, 346], [343, 342], [351, 352], [391, 398], [398, 399], [425, 430]], "missing_branches": [[236, 237], [240, 242], [242, 243], [242, 244], [250, 251], [252, 253], [258, 260], [258, 265], [270, 271], [270, 272], [272, -257], [272, 273], [281, 283], [291, 292], [294, 295], [297, 298], [306, -300], [306, 307], [315, -309], [315, 316], [326, 327], [331, 332], [336, 337], [343, 344], [351, 354], [354, 357], [354, 383], [371, 372], [371, 373], [373, 374], [373, 383], [386, -385], [386, 387], [391, 392], [392, 393], [392, 397], [398, 401], [401, 403], [401, 405], [407, 408], [407, 411], [411, -390], [411, 412], [425, 426]]}, "CovPlugin.start.Config": {"executed_lines": [], "summary": {"covered_lines": 0, "num_statements": 0, "percent_covered": 100.0, "percent_covered_display": "100", "missing_lines": 0, "excluded_lines": 0, "percent_statements_covered": 100.0, "percent_statements_covered_display": "100", "num_branches": 0, "num_partial_branches": 0, "covered_branches": 0, "missing_branches": 0, "percent_branches_covered": 100.0, "percent_branches_covered_display": "100"}, "missing_lines": [], "excluded_lines": [], "start_line": 260, "executed_branches": [], "missing_branches": []}, "TestContextPlugin": {"executed_lines": [], "summary": {"covered_lines": 0, "num_statements": 6, "percent_covered": 0.0, "percent_covered_display": "0", "missing_lines": 6, "excluded_lines": 0, "percent_statements_covered": 0.0, "percent_statements_covered_display": "0", "num_branches": 2, "num_partial_branches": 0, "covered_branches": 0, "missing_branches": 2, "percent_branches_covered": 0.0, "percent_branches_covered_display": "0"}, "missing_lines": [437, 440, 443, 446, 449, 450], "excluded_lines": [], "start_line": 433, "executed_branches": [], "missing_branches": [[449, -448], [449, 450]]}, "": {"executed_lines": [95, 96, 107, 114, 127, 134, 140, 146, 153, 159, 165, 171, 187, 192, 193, 194, 195, 196, 198, 202, 471], "summary": {"covered_lines": 21, "num_statements": 112, "percent_covered": 19.11764705882353, "percent_covered_display": "19", "missing_lines": 91, "excluded_lines": 2, "percent_statements_covered": 18.75, "percent_statements_covered_display": "19", "num_branches": 24, "num_partial_branches": 3, "covered_branches": 5, "missing_branches": 19, "percent_branches_covered": 20.833333333333332, "percent_branches_covered_display": "21"}, "missing_lines": [3, 4, 5, 6, 7, 8, 9, 11, 13, 14, 15, 22, 23, 26, 27, 28, 29, 30, 31, 32, 33, 34, 35, 37, 38, 40, 41, 42, 44, 45, 46, 48, 51, 52, 53, 54, 55, 56, 57, 58, 59, 60, 63, 66, 67, 68, 69, 72, 73, 83, 92, 180, 190, 191, 197, 199, 200, 203, 204, 207, 215, 257, 275, 278, 300, 301, 309, 310, 318, 324, 325, 385, 390, 423, 424, 433, 436, 439, 442, 445, 448, 453, 454, 458, 459, 463, 464, 465, 466, 467, 470], "excluded_lines": [17, 18], "start_line": 1, "executed_branches": [[194, 195], [194, 202], [196, 198], [198, 194], [202, -190]], "missing_branches": [[33, 34], [33, 37], [37, 38], [37, 40], [41, 42], [41, 44], [44, 45], [44, 48], [59, 60], [59, 63], [67, 68], [67, 69], [196, 197], [198, 199], [202, 203], [463, 464], [463, 467], [465, 466], [465, 467]]}}}}, "totals": {"covered_lines": 75, "num_statements": 496, "percent_covered": 15.789473684210526, "percent_covered_display": "16", "missing_lines": 421, "excluded_lines": 2, "percent_statements_covered": 15.120967741935484, "percent_statements_covered_display": "15", "num_branches": 150, "num_partial_branches": 19, "covered_branches": 27, "missing_branches": 123, "percent_branches_covered": 18.0, "percent_branches_covered_display": "18"}}